<?xml version="1.0" encoding="UTF-8"?>
<!-- Generated by org.testng.reporters.JUnitReportReporter -->
<testsuite skipped="0" hostname="Dhruba" name="com.qa.TestProjecgt.TestBase" tests="2" failures="0" timestamp="05 Jan 2019 05:51:22 GMT" time="18.406" errors="0">
  <testcase name="register" time="9.960" classname="com.qa.TestProjecgt.TestBase"/>
  <testcase name="logIn" time="8.446" classname="com.qa.TestProjecgt.TestBase"/>
</testsuite> <!-- com.qa.TestProjecgt.TestBase -->
