<?xml version="1.0" encoding="UTF-8"?>
<!-- Generated by org.testng.reporters.JUnitReportReporter -->
<testsuite skipped="0" hostname="Dhruba" name="testng.JavaMethodTest" tests="1" failures="0" timestamp="05 Jan 2019 06:41:47 GMT" time="0.001" errors="0">
  <testcase name="demo1" time="0.001" classname="testng.JavaMethodTest"/>
</testsuite> <!-- testng.JavaMethodTest -->
