<?xml version="1.0" encoding="UTF-8"?>
<!-- Generated by org.testng.reporters.JUnitReportReporter -->
<testsuite skipped="0" hostname="Dhruba" name="com.qa.TestProjecgt.Day1" tests="4" failures="0" timestamp="05 Jan 2019 05:51:22 GMT" time="0.047" errors="0">
  <testcase name="firstTest" time="0.007" classname="com.qa.TestProjecgt.Day1"/>
  <testcase name="forthTest" time="0.024" classname="com.qa.TestProjecgt.Day1"/>
  <testcase name="thirdTest" time="0.013" classname="com.qa.TestProjecgt.Day1"/>
  <testcase name="secondTest" time="0.003" classname="com.qa.TestProjecgt.Day1"/>
</testsuite> <!-- com.qa.TestProjecgt.Day1 -->
