<?xml version="1.0" encoding="UTF-8"?>
<!-- Generated by org.testng.reporters.JUnitReportReporter -->
<testsuite skipped="0" hostname="Dhruba" name="testng.ParametersInTestNG" tests="1" failures="0" timestamp="05 Jan 2019 06:54:40 GMT" time="0.009" errors="0">
  <testcase name="test" time="0.009" classname="testng.ParametersInTestNG"/>
</testsuite> <!-- testng.ParametersInTestNG -->
