<?xml version="1.0" encoding="UTF-8"?>
<!-- Generated by org.testng.reporters.JUnitReportReporter -->
<testsuite skipped="0" hostname="Dhruba" name="testng.DataProviderTestNG" tests="6" failures="0" timestamp="05 Jan 2019 06:29:42 GMT" time="0.018" errors="0">
  <testcase name="test1" time="0.002" classname="testng.DataProviderTestNG"/>
  <testcase name="test1" time="0.009" classname="testng.DataProviderTestNG"/>
  <testcase name="test2" time="0.003" classname="testng.DataProviderTestNG"/>
  <testcase name="test2" time="0.001" classname="testng.DataProviderTestNG"/>
  <testcase name="test2" time="0.001" classname="testng.DataProviderTestNG"/>
  <testcase name="test1" time="0.002" classname="testng.DataProviderTestNG"/>
</testsuite> <!-- testng.DataProviderTestNG -->
